\BOOKMARK [1][-]{section.1}{\376\377\000.\000\040\000I\000n\000t\000r\000o\000d\000u\000c\000t\000i\000o\000n}{}% 1
\BOOKMARK [1][-]{section.2}{\376\377\000.\000\040\000L\000i\000t\000e\000r\000a\000t\000u\000r\000e\000\040\000r\000e\000v\000i\000e\000w}{}% 2
\BOOKMARK [1][-]{section.3}{\376\377\000.\000\040\000I\000n\000s\000i\000g\000h\000t\000f\000u\000l\000\040\000s\000u\000m\000m\000a\000r\000i\000z\000a\000t\000i\000o\000n}{}% 3
\BOOKMARK [1][-]{section.4}{\376\377\000.\000\040\000M\000o\000d\000e\000l\000s}{}% 4
\BOOKMARK [2][-]{subsection.4.1}{\376\377\000.\000\040\000R\000e\000s\000N\000e\000t}{section.4}% 5
\BOOKMARK [3][-]{subsubsection.4.1.1}{\376\377\000A\000d\000d\000r\000e\000s\000s\000e\000d\000\040\000p\000r\000o\000b\000l\000e\000m\000s}{subsection.4.1}% 6
\BOOKMARK [3][-]{subsubsection.4.1.2}{\376\377\000A\000r\000c\000h\000i\000t\000e\000c\000t\000u\000r\000e}{subsection.4.1}% 7
\BOOKMARK [3][-]{subsubsection.4.1.3}{\376\377\000A\000p\000p\000l\000i\000c\000a\000t\000i\000o\000n\000s}{subsection.4.1}% 8
\BOOKMARK [1][-]{section.5}{\376\377\000.\000\040\000A\000g\000i\000l\000e\000\040\000S\000c\000r\000u\000m\000\040\000i\000n\000\040\000B\000r\000i\000e\000f}{}% 9
\BOOKMARK [1][-]{section.6}{\376\377\000.\000\040\000D\000e\000v\000e\000l\000o\000p\000m\000e\000n\000t\000\040\000C\000y\000c\000l\000e}{}% 10
\BOOKMARK [2][-]{subsection.6.1}{\376\377\000.\000\040\000W\000e\000e\000k\000\040\0001\000:\000\040\000R\000e\000s\000e\000a\000r\000c\000h\000\040\000a\000n\000d\000\040\000P\000r\000o\000j\000e\000c\000t\000\040\000S\000c\000o\000p\000e\000\040\000D\000e\000f\000i\000n\000i\000t\000i\000o\000n\000\040\000\050\0002\0002\000/\0001\0000\000\040\000-\000\040\0002\0008\000/\0001\0000\000\051}{section.6}% 11
\BOOKMARK [2][-]{subsection.6.2}{\376\377\000.\000\040\000W\000e\000e\000k\000\040\0002\000:\000\040\000F\000i\000r\000s\000t\000\040\000I\000m\000p\000l\000e\000m\000e\000n\000t\000a\000t\000i\000o\000n\000\040\000a\000n\000d\000\040\000M\000o\000d\000e\000l\000\040\000T\000r\000a\000i\000n\000i\000n\000g\000\040\000\050\0002\0009\000/\0001\0000\000\040\000-\000\040\0004\000/\0001\0001\000\051}{section.6}% 12
\BOOKMARK [2][-]{subsection.6.3}{\376\377\000.\000\040\000W\000e\000e\000k\000\040\0003\000:\000\040\000P\000a\000r\000a\000m\000e\000t\000e\000r\000\040\000A\000d\000j\000u\000s\000t\000m\000e\000n\000t\000\040\000a\000n\000d\000\040\000M\000o\000d\000e\000l\000\040\000C\000o\000m\000p\000a\000r\000i\000s\000o\000n\000\040\000\050\0005\000/\0001\0001\000\040\000-\000\040\0001\0001\000/\0001\0001\000\051}{section.6}% 13
\BOOKMARK [2][-]{subsection.6.4}{\376\377\000.\000\040\000W\000e\000e\000k\000\040\0004\000:\000\040\000P\000r\000e\000s\000e\000n\000t\000a\000t\000i\000o\000n\000\040\000\050\0001\0002\000/\0001\0001\000\040\000-\000\040\0001\0008\000/\0001\0001\000\051}{section.6}% 14
\BOOKMARK [2][-]{subsection.6.5}{\376\377\000.\000\040\000W\000e\000e\000k\000\040\0005\000:\000\040\000R\000e\000f\000l\000e\000c\000t\000i\000o\000n\000\040\000a\000n\000d\000\040\000R\000e\000p\000o\000r\000t\000\040\000\050\0001\0009\000/\0001\0001\000\040\000-\000\040\0002\0005\000/\0001\0001\000\051}{section.6}% 15
\BOOKMARK [1][-]{section.7}{\376\377\000.\000\040\000C\000o\000n\000c\000l\000u\000s\000i\000o\000n}{}% 16
\BOOKMARK [2][-]{subsection.7.1}{\376\377\000.\000\040\000Y\000O\000L\000O\000\040\000\050\000Y\000o\000u\000\040\000O\000n\000l\000y\000\040\000L\000o\000o\000k\000\040\000O\000n\000c\000e\000\051}{section.7}% 17
\BOOKMARK [2][-]{subsection.7.2}{\376\377\000.\000\040\000R\000e\000s\000N\000e\000t}{section.7}% 18
\BOOKMARK [2][-]{subsection.7.3}{\376\377\000.\000\040\000V\000G\000G\000N\000e\000t}{section.7}% 19
\BOOKMARK [2][-]{subsection.7.4}{\376\377\000.\000\040\000A\000l\000e\000x\000N\000e\000t}{section.7}% 20
\BOOKMARK [2][-]{subsection.7.5}{\376\377\000.\000\040\000C\000o\000n\000c\000l\000u\000s\000i\000v\000e\000\040\000R\000e\000m\000a\000r\000k\000s\000\040\000o\000n\000\040\000t\000h\000e\000\040\000M\000o\000s\000t\000\040\000E\000f\000f\000e\000c\000t\000i\000v\000e\000\040\000M\000o\000d\000e\000l\000\040\000f\000o\000r\000\040\000t\000h\000e\000\040\000G\000i\000v\000e\000n\000\040\000T\000a\000s\000k}{section.7}% 21
\BOOKMARK [2][-]{subsection.7.6}{\376\377\000.\000\040\000F\000u\000t\000u\000r\000e\000\040\000D\000i\000r\000e\000c\000t\000i\000o\000n\000s\000\040\000f\000o\000r\000\040\000R\000e\000s\000e\000a\000r\000c\000h}{section.7}% 22
\BOOKMARK [1][-]{section.8}{\376\377\000.\000\040\000A\000c\000k\000n\000o\000w\000l\000e\000d\000g\000e\000m\000e\000n\000t}{}% 23
